{"/Users/reddog/Desktop/websites/realtime-dashboard/src/App.css": {"path":"/Users/reddog/Desktop/websites/realtime-dashboard/src/App.css","statementMap":{},"fnMap":{},"branchMap":{},"s":{},"f":{},"b":{},"meta":{"lastBranch":0,"lastFunction":0,"lastStatement":0,"seen":{}}}
,"/Users/reddog/Desktop/websites/realtime-dashboard/src/App.tsx": {"path":"/Users/reddog/Desktop/websites/realtime-dashboard/src/App.tsx","statementMap":{"0":{"start":{"line":14,"column":17},"end":{"line":14,"column":66}},"1":{"start":{"line":17,"column":2},"end":{"line":17,"column":null}},"2":{"start":{"line":19,"column":8},"end":{"line":21,"column":null}},"3":{"start":{"line":20,"column":4},"end":{"line":20,"column":null}},"4":{"start":{"line":21,"column":4},"end":{"line":21,"column":null}},"5":{"start":{"line":24,"column":2},"end":{"line":39,"column":null}}},"fnMap":{"0":{"name":"App","decl":{"start":{"line":13,"column":9},"end":{"line":13,"column":15}},"loc":{"start":{"line":13,"column":15},"end":{"line":39,"column":null}},"line":13},"1":{"name":"(anonymous_1)","decl":{"start":{"line":19,"column":8},"end":{"line":19,"column":30}},"loc":{"start":{"line":19,"column":65},"end":{"line":21,"column":null}},"line":19}},"branchMap":{},"s":{"0":3,"1":3,"2":3,"3":1,"4":1,"5":3},"f":{"0":3,"1":1},"b":{},"meta":{"lastBranch":0,"lastFunction":2,"lastStatement":6,"seen":{"f:13:9:13:15":0,"s:14:17:14:66":0,"s:17:2:17:Infinity":1,"s:19:8:21:Infinity":2,"f:19:8:19:30":1,"s:20:4:20:Infinity":3,"s:21:4:21:Infinity":4,"s:24:2:39:Infinity":5}}}
,"/Users/reddog/Desktop/websites/realtime-dashboard/src/components/AppSidebar.tsx": {"path":"/Users/reddog/Desktop/websites/realtime-dashboard/src/components/AppSidebar.tsx","statementMap":{"0":{"start":{"line":19,"column":2},"end":{"line":33,"column":null}}},"fnMap":{"0":{"name":"AppSidebar","decl":{"start":{"line":18,"column":16},"end":{"line":18,"column":27}},"loc":{"start":{"line":18,"column":72},"end":{"line":33,"column":null}},"line":18}},"branchMap":{},"s":{"0":4},"f":{"0":4},"b":{},"meta":{"lastBranch":0,"lastFunction":1,"lastStatement":1,"seen":{"f:18:16:18:27":0,"s:19:2:33:Infinity":0}}}
,"/Users/reddog/Desktop/websites/realtime-dashboard/src/components/AreaChart.tsx": {"path":"/Users/reddog/Desktop/websites/realtime-dashboard/src/components/AreaChart.tsx","statementMap":{"0":{"start":{"line":11,"column":8},"end":{"line":15,"column":5}},"1":{"start":{"line":11,"column":38},"end":{"line":11,"column":45}},"2":{"start":{"line":11,"column":62},"end":{"line":15,"column":5}},"3":{"start":{"line":17,"column":8},"end":{"line":19,"column":null}},"4":{"start":{"line":18,"column":10},"end":{"line":18,"column":60}},"5":{"start":{"line":18,"column":36},"end":{"line":18,"column":60}},"6":{"start":{"line":22,"column":2},"end":{"line":33,"column":null}}},"fnMap":{"0":{"name":"AreaChartComponent","decl":{"start":{"line":10,"column":16},"end":{"line":10,"column":35}},"loc":{"start":{"line":10,"column":72},"end":{"line":33,"column":null}},"line":10},"1":{"name":"(anonymous_1)","decl":{"start":{"line":11,"column":18},"end":{"line":11,"column":32}},"loc":{"start":{"line":11,"column":38},"end":{"line":11,"column":45}},"line":11},"2":{"name":"(anonymous_2)","decl":{"start":{"line":11,"column":46},"end":{"line":11,"column":51}},"loc":{"start":{"line":11,"column":62},"end":{"line":15,"column":5}},"line":11},"3":{"name":"(anonymous_3)","decl":{"start":{"line":17,"column":17},"end":{"line":17,"column":null}},"loc":{"start":{"line":18,"column":10},"end":{"line":18,"column":60}},"line":18},"4":{"name":"(anonymous_4)","decl":{"start":{"line":18,"column":18},"end":{"line":18,"column":26}},"loc":{"start":{"line":18,"column":36},"end":{"line":18,"column":60}},"line":18}},"branchMap":{},"s":{"0":4,"1":13,"2":85,"3":4,"4":4,"5":85,"6":4},"f":{"0":4,"1":13,"2":85,"3":4,"4":85},"b":{},"meta":{"lastBranch":0,"lastFunction":5,"lastStatement":7,"seen":{"f:10:16:10:35":0,"s:11:8:15:5":0,"f:11:18:11:32":1,"s:11:38:11:45":1,"f:11:46:11:51":2,"s:11:62:15:5":2,"s:17:8:19:Infinity":3,"f:17:17:17:Infinity":3,"s:18:10:18:60":4,"f:18:18:18:26":4,"s:18:36:18:60":5,"s:22:2:33:Infinity":6}}}
,"/Users/reddog/Desktop/websites/realtime-dashboard/src/components/MetricSelector.tsx": {"path":"/Users/reddog/Desktop/websites/realtime-dashboard/src/components/MetricSelector.tsx","statementMap":{"0":{"start":{"line":10,"column":8},"end":{"line":11,"column":null}},"1":{"start":{"line":11,"column":4},"end":{"line":11,"column":null}},"2":{"start":{"line":14,"column":2},"end":{"line":21,"column":null}}},"fnMap":{"0":{"name":"MetricSelector","decl":{"start":{"line":9,"column":16},"end":{"line":9,"column":31}},"loc":{"start":{"line":9,"column":73},"end":{"line":21,"column":null}},"line":9},"1":{"name":"(anonymous_1)","decl":{"start":{"line":10,"column":8},"end":{"line":10,"column":24}},"loc":{"start":{"line":10,"column":66},"end":{"line":11,"column":null}},"line":10}},"branchMap":{},"s":{"0":4,"1":2,"2":4},"f":{"0":4,"1":2},"b":{},"meta":{"lastBranch":0,"lastFunction":2,"lastStatement":3,"seen":{"f:9:16:9:31":0,"s:10:8:11:Infinity":0,"f:10:8:10:24":1,"s:11:4:11:Infinity":1,"s:14:2:21:Infinity":2}}}
,"/Users/reddog/Desktop/websites/realtime-dashboard/src/hooks/use-mobile.ts": {"path":"/Users/reddog/Desktop/websites/realtime-dashboard/src/hooks/use-mobile.ts","statementMap":{"0":{"start":{"line":3,"column":26},"end":{"line":3,"column":null}},"1":{"start":{"line":6,"column":34},"end":{"line":6,"column":80}},"2":{"start":{"line":8,"column":2},"end":{"line":16,"column":null}},"3":{"start":{"line":9,"column":16},"end":{"line":9,"column":76}},"4":{"start":{"line":10,"column":10},"end":{"line":11,"column":null}},"5":{"start":{"line":11,"column":6},"end":{"line":11,"column":null}},"6":{"start":{"line":13,"column":4},"end":{"line":13,"column":null}},"7":{"start":{"line":14,"column":4},"end":{"line":14,"column":null}},"8":{"start":{"line":15,"column":4},"end":{"line":15,"column":null}},"9":{"start":{"line":15,"column":17},"end":{"line":15,"column":60}},"10":{"start":{"line":18,"column":2},"end":{"line":18,"column":null}}},"fnMap":{"0":{"name":"useIsMobile","decl":{"start":{"line":5,"column":16},"end":{"line":5,"column":30}},"loc":{"start":{"line":5,"column":30},"end":{"line":18,"column":null}},"line":5},"1":{"name":"(anonymous_1)","decl":{"start":{"line":8,"column":8},"end":{"line":8,"column":24}},"loc":{"start":{"line":8,"column":24},"end":{"line":16,"column":7}},"line":8},"2":{"name":"(anonymous_2)","decl":{"start":{"line":10,"column":10},"end":{"line":10,"column":27}},"loc":{"start":{"line":10,"column":27},"end":{"line":11,"column":null}},"line":10},"3":{"name":"(anonymous_3)","decl":{"start":{"line":15,"column":4},"end":{"line":15,"column":17}},"loc":{"start":{"line":15,"column":17},"end":{"line":15,"column":60}},"line":15}},"branchMap":{},"s":{"0":3,"1":21,"2":21,"3":9,"4":9,"5":2,"6":9,"7":9,"8":9,"9":9,"10":21},"f":{"0":21,"1":9,"2":2,"3":9},"b":{},"meta":{"lastBranch":0,"lastFunction":4,"lastStatement":11,"seen":{"s:3:26:3:Infinity":0,"f:5:16:5:30":0,"s:6:34:6:80":1,"s:8:2:16:Infinity":2,"f:8:8:8:24":1,"s:9:16:9:76":3,"s:10:10:11:Infinity":4,"f:10:10:10:27":2,"s:11:6:11:Infinity":5,"s:13:4:13:Infinity":6,"s:14:4:14:Infinity":7,"s:15:4:15:Infinity":8,"f:15:4:15:17":3,"s:15:17:15:60":9,"s:18:2:18:Infinity":10}}}
,"/Users/reddog/Desktop/websites/realtime-dashboard/src/hooks/useRealtimeSimulation.ts": {"path":"/Users/reddog/Desktop/websites/realtime-dashboard/src/hooks/useRealtimeSimulation.ts","statementMap":{"0":{"start":{"line":9,"column":8},"end":{"line":9,"column":58}},"1":{"start":{"line":9,"column":43},"end":{"line":9,"column":58}},"2":{"start":{"line":11,"column":2},"end":{"line":21,"column":null}},"3":{"start":{"line":12,"column":21},"end":{"line":19,"column":12}},"4":{"start":{"line":13,"column":23},"end":{"line":17,"column":null}},"5":{"start":{"line":18,"column":6},"end":{"line":18,"column":null}},"6":{"start":{"line":20,"column":4},"end":{"line":20,"column":null}},"7":{"start":{"line":20,"column":17},"end":{"line":20,"column":40}}},"fnMap":{"0":{"name":"useRealtimeSimulation","decl":{"start":{"line":8,"column":16},"end":{"line":8,"column":38}},"loc":{"start":{"line":8,"column":54},"end":{"line":21,"column":null}},"line":8},"1":{"name":"(anonymous_1)","decl":{"start":{"line":9,"column":23},"end":{"line":9,"column":37}},"loc":{"start":{"line":9,"column":43},"end":{"line":9,"column":58}},"line":9},"2":{"name":"(anonymous_2)","decl":{"start":{"line":11,"column":2},"end":{"line":11,"column":18}},"loc":{"start":{"line":11,"column":18},"end":{"line":21,"column":6}},"line":11},"3":{"name":"(anonymous_3)","decl":{"start":{"line":12,"column":21},"end":{"line":12,"column":39}},"loc":{"start":{"line":12,"column":39},"end":{"line":19,"column":12}},"line":12},"4":{"name":"(anonymous_4)","decl":{"start":{"line":20,"column":4},"end":{"line":20,"column":17}},"loc":{"start":{"line":20,"column":17},"end":{"line":20,"column":40}},"line":20}},"branchMap":{},"s":{"0":4,"1":14,"2":4,"3":4,"4":1,"5":1,"6":4,"7":4},"f":{"0":4,"1":14,"2":4,"3":1,"4":4},"b":{},"meta":{"lastBranch":0,"lastFunction":5,"lastStatement":8,"seen":{"f:8:16:8:38":0,"s:9:8:9:58":0,"f:9:23:9:37":1,"s:9:43:9:58":1,"s:11:2:21:Infinity":2,"f:11:2:11:18":2,"s:12:21:19:12":3,"f:12:21:12:39":3,"s:13:23:17:Infinity":4,"s:18:6:18:Infinity":5,"s:20:4:20:Infinity":6,"f:20:4:20:17":4,"s:20:17:20:40":7}}}
,"/Users/reddog/Desktop/websites/realtime-dashboard/src/lib/mockData.ts": {"path":"/Users/reddog/Desktop/websites/realtime-dashboard/src/lib/mockData.ts","statementMap":{"0":{"start":{"line":11,"column":14},"end":{"line":11,"column":24}},"1":{"start":{"line":12,"column":2},"end":{"line":16,"column":null}},"2":{"start":{"line":12,"column":50},"end":{"line":16,"column":5}}},"fnMap":{"0":{"name":"generateMockData","decl":{"start":{"line":10,"column":16},"end":{"line":10,"column":33}},"loc":{"start":{"line":10,"column":87},"end":{"line":16,"column":null}},"line":10},"1":{"name":"(anonymous_1)","decl":{"start":{"line":12,"column":37},"end":{"line":12,"column":40}},"loc":{"start":{"line":12,"column":50},"end":{"line":16,"column":5}},"line":12}},"branchMap":{"0":{"loc":{"start":{"line":10,"column":62},"end":{"line":10,"column":87}},"type":"default-arg","locations":[{"start":{"line":10,"column":70},"end":{"line":10,"column":87}}],"line":10}},"s":{"0":6,"1":6,"2":105},"f":{"0":6,"1":105},"b":{"0":[6]},"meta":{"lastBranch":1,"lastFunction":2,"lastStatement":3,"seen":{"f:10:16:10:33":0,"b:10:70:10:87":0,"s:11:14:11:24":0,"s:12:2:16:Infinity":1,"f:12:37:12:40":1,"s:12:50:16:5":2}}}
,"/Users/reddog/Desktop/websites/realtime-dashboard/src/lib/utils.ts": {"path":"/Users/reddog/Desktop/websites/realtime-dashboard/src/lib/utils.ts","statementMap":{"0":{"start":{"line":5,"column":2},"end":{"line":5,"column":null}}},"fnMap":{"0":{"name":"cn","decl":{"start":{"line":4,"column":16},"end":{"line":4,"column":19}},"loc":{"start":{"line":4,"column":44},"end":{"line":5,"column":null}},"line":4}},"branchMap":{},"s":{"0":45},"f":{"0":45},"b":{},"meta":{"lastBranch":0,"lastFunction":1,"lastStatement":1,"seen":{"f:4:16:4:19":0,"s:5:2:5:Infinity":0}}}
,"/Users/reddog/Desktop/websites/realtime-dashboard/src/store/useDataStore.ts": {"path":"/Users/reddog/Desktop/websites/realtime-dashboard/src/store/useDataStore.ts","statementMap":{"0":{"start":{"line":12,"column":13},"end":{"line":19,"column":3}},"1":{"start":{"line":12,"column":56},"end":{"line":19,"column":3}},"2":{"start":{"line":15,"column":4},"end":{"line":17,"column":7}},"3":{"start":{"line":15,"column":20},"end":{"line":16,"column":null}},"4":{"start":{"line":18,"column":19},"end":{"line":18,"column":null}}},"fnMap":{"0":{"name":"(anonymous_0)","decl":{"start":{"line":12,"column":28},"end":{"line":12,"column":47}},"loc":{"start":{"line":12,"column":56},"end":{"line":19,"column":3}},"line":12},"1":{"name":"(anonymous_1)","decl":{"start":{"line":14,"column":2},"end":{"line":14,"column":17}},"loc":{"start":{"line":15,"column":4},"end":{"line":17,"column":7}},"line":15},"2":{"name":"(anonymous_2)","decl":{"start":{"line":15,"column":4},"end":{"line":15,"column":9}},"loc":{"start":{"line":15,"column":20},"end":{"line":16,"column":null}},"line":15},"3":{"name":"(anonymous_3)","decl":{"start":{"line":18,"column":2},"end":{"line":18,"column":19}},"loc":{"start":{"line":18,"column":19},"end":{"line":18,"column":null}},"line":18}},"branchMap":{},"s":{"0":4,"1":4,"2":27,"3":27,"4":4},"f":{"0":4,"1":27,"2":27,"3":4},"b":{},"meta":{"lastBranch":0,"lastFunction":4,"lastStatement":5,"seen":{"s:12:13:19:3":0,"f:12:28:12:47":0,"s:12:56:19:3":1,"f:14:2:14:17":1,"s:15:4:17:7":2,"f:15:4:15:9":2,"s:15:20:16:Infinity":3,"f:18:2:18:19":3,"s:18:19:18:Infinity":4}}}
}
